[19May2025 00:00:56.791] [Server thread/INFO] [net.minecraft.server.MinecraftServer/]: <Ombid> -1385 88 -623
[19May2025 00:01:11.666] [Worker-Main-2/ERROR] [net.minecraft.world.entity.decoration.HangingEntity/]: Hanging entity at invalid position: BlockPos{x=-318, y=-45, z=-204}
[19May2025 00:01:11.666] [Worker-Main-2/ERROR] [net.minecraft.world.entity.decoration.HangingEntity/]: Hanging entity at invalid position: BlockPos{x=-320, y=-45, z=-203}
[19May2025 00:01:11.667] [Worker-Main-2/ERROR] [net.minecraft.world.entity.decoration.HangingEntity/]: Hanging entity at invalid position: BlockPos{x=-318, y=-45, z=-202}
[19May2025 00:01:11.951] [Server thread/INFO] [net.minecraft.server.MinecraftServer/]: [DacSeed: Teleported DacSeed to -1384.500000, 88.000000, -622.500000]
[19May2025 00:01:30.421] [Server thread/INFO] [net.minecraft.server.MinecraftServer/]: DacSeed has made the advancement [Enchanter]
[19May2025 00:01:47.436] [Server thread/INFO] [net.minecraft.server.commands.LocateCommand/]: Locating element #dungeons_arise:explorer_maps/illager_fort (dungeons_arise:illager_fort) took 16 ms
[19May2025 00:01:51.611] [Server thread/INFO] [net.minecraft.server.MinecraftServer/]: [Ombid: Teleported Ombid to -863.500000, 91.032173, 80.500000]
[19May2025 00:01:51.642] [Server thread/INFO] [net.minecraft.server.MinecraftServer/]: [DacSeed: Teleported DacSeed to -881.500000, 47.000000, -2878.500000]
[19May2025 00:01:53.131] [Server thread/WARN] [net.minecraft.world.level.chunk.LevelChunk/]: Tried to load a DUMMY block entity @ BlockPos{x=-870, y=61, z=67} but found not block entity block Block{minecraft:water}[level=0] at location
[19May2025 00:01:53.132] [Server thread/WARN] [net.minecraft.world.level.chunk.LevelChunk/]: Tried to load a block entity for block Block{minecraft:water}[level=0] but failed at location BlockPos{x=-870, y=61, z=67}
[19May2025 00:01:53.133] [Server thread/WARN] [net.minecraft.world.level.chunk.LevelChunk/]: Tried to load a DUMMY block entity @ BlockPos{x=-868, y=61, z=66} but found not block entity block Block{minecraft:water}[level=0] at location
[19May2025 00:01:53.133] [Server thread/WARN] [net.minecraft.world.level.chunk.LevelChunk/]: Tried to load a block entity for block Block{minecraft:water}[level=0] but failed at location BlockPos{x=-868, y=61, z=66}
[19May2025 00:01:53.628] [Server thread/WARN] [net.minecraft.world.level.chunk.LevelChunk/]: Tried to load a DUMMY block entity @ BlockPos{x=-870, y=61, z=61} but found not block entity block Block{minecraft:water}[level=0] at location
[19May2025 00:01:53.629] [Server thread/WARN] [net.minecraft.world.level.chunk.LevelChunk/]: Tried to load a block entity for block Block{minecraft:water}[level=0] but failed at location BlockPos{x=-870, y=61, z=61}
[19May2025 00:01:53.629] [Server thread/WARN] [net.minecraft.world.level.chunk.LevelChunk/]: Tried to load a DUMMY block entity @ BlockPos{x=-868, y=61, z=60} but found not block entity block Block{minecraft:water}[level=0] at location
[19May2025 00:01:53.629] [Server thread/WARN] [net.minecraft.world.level.chunk.LevelChunk/]: Tried to load a block entity for block Block{minecraft:water}[level=0] but failed at location BlockPos{x=-868, y=61, z=60}
[19May2025 00:02:27.972] [Server thread/INFO] [net.minecraft.server.MinecraftServer/]: [Ombid: Teleported Ombid to -1026.500000, 70.000000, 1241.500000]
[19May2025 00:02:41.379] [Worker-Main-21/WARN] [net.minecraft.world.level.levelgen.structure.pools.JigsawPlacement/]: Empty or non-existent pool: dungeons_arise:underworld/foundry/foundry_corridor_gears
[19May2025 00:02:41.380] [Worker-Main-21/WARN] [net.minecraft.world.level.levelgen.structure.pools.JigsawPlacement/]: Empty or non-existent pool: dungeons_arise:underworld/foundry/foundry_corridor_gears
[19May2025 00:02:41.442] [Server thread/INFO] [net.minecraft.server.commands.LocateCommand/]: Locating element #dungeons_arise:explorer_maps/foundry (dungeons_arise:foundry) took 1868 ms
[19May2025 00:02:53.824] [Server thread/INFO] [net.minecraft.server.commands.LocateCommand/]: Locating element #dungeons_arise:explorer_maps/keep_kayra (dungeons_arise:keep_kayra) took 2003 ms
[19May2025 00:02:59.934] [Server thread/INFO] [net.minecraft.server.commands.LocateCommand/]: Locating element #dungeons_arise:explorer_maps/monastery (dungeons_arise:monastery) took 8 ms
[19May2025 00:03:03.121] [Server thread/INFO] [net.minecraft.server.MinecraftServer/]: [Ombid: Teleported Ombid to -879.500000, 92.488011, 1056.500000]
[19May2025 00:03:09.775] [Server thread/INFO] [net.minecraft.server.MinecraftServer/]: [Ombid: Set own game mode to Survival Mode]
[19May2025 00:04:21.126] [Server thread/INFO] [net.minecraft.server.MinecraftServer/]: [DacSeed: Teleported DacSeed to -1384.500000, 88.000000, -622.500000]
[19May2025 00:06:09.665] [Server thread/INFO] [net.minecraft.server.MinecraftServer/]: [DacSeed: Teleported DacSeed to -881.500000, 47.000000, -2878.500000]
[19May2025 00:08:39.155] [Server thread/INFO] [net.minecraft.server.MinecraftServer/]: [DacSeed: Teleported DacSeed to -1384.500000, 88.000000, -622.500000]
[19May2025 00:08:51.420] [Server thread/INFO] [net.minecraft.server.MinecraftServer/]: [Ombid: Teleported Ombid to -1295.500000, 82.000000, 1136.500000]
[19May2025 00:09:29.720] [Server thread/INFO] [net.minecraft.server.MinecraftServer/]: [DacSeed: Teleported DacSeed to -881.500000, 47.000000, -2878.500000]
[19May2025 00:09:55.768] [Server thread/INFO] [net.minecraft.server.MinecraftServer/]: [Ombid: Teleported Ombid to -1025.500000, 75.000000, -2877.500000]
[19May2025 00:10:19.059] [Server thread/INFO] [net.minecraft.server.MinecraftServer/]: [Ombid: Teleported Ombid to -1025.500000, 75.000000, 1241.500000]
[19May2025 00:11:12.634] [Server thread/INFO] [net.minecraft.server.MinecraftServer/]: <DacSeed> FDame 5
[19May2025 00:12:42.355] [Server thread/INFO] [Scaling Health/]: Blight Armored Frost Spirit was killed by DacSeed
[19May2025 00:12:56.864] [Server thread/INFO] [net.minecraft.server.MinecraftServer/]: [DacSeed: Teleported DacSeed to -1384.500000, 88.000000, -622.500000]
[19May2025 00:13:42.309] [Server thread/INFO] [net.minecraft.server.MinecraftServer/]: [DacSeed: Teleported DacSeed to -881.500000, 47.000000, -2878.500000]
[19May2025 00:15:07.310] [Server thread/INFO] [Scaling Health/]: Blight Armored Frost Spirit was killed by DacSeed
[19May2025 00:15:35.195] [Server thread/INFO] [net.minecraft.server.MinecraftServer/]: [DacSeed: Teleported DacSeed to -1384.500000, 88.000000, -622.500000]
[19May2025 00:16:07.912] [Server thread/INFO] [net.minecraft.server.MinecraftServer/]: [DacSeed: Teleported DacSeed to -881.500000, 47.000000, -2878.500000]
[19May2025 00:17:03.323] [Server thread/INFO] [net.minecraft.server.MinecraftServer/]: [Ombid: Teleported Ombid to DacSeed]
[19May2025 00:17:12.705] [Server thread/INFO] [net.minecraft.server.MinecraftServer/]: <DacSeed> */tp -1385 88 -623
[19May2025 00:17:18.146] [Server thread/INFO] [Scaling Health/]: Blight Armored Frost Spirit was killed by Ombid
[19May2025 00:17:31.175] [Server thread/INFO] [net.minecraft.server.MinecraftServer/]: [Ombid: Teleported Ombid to -1384.500000, 88.000000, -622.500000]
[19May2025 00:18:24.271] [Server thread/INFO] [net.minecraft.server.MinecraftServer/]: [Ombid: Teleported Ombid to DacSeed]
[19May2025 00:19:44.623] [Server thread/INFO] [net.minecraft.server.MinecraftServer/]: [Ombid: Set own game mode to Spectator Mode]
[19May2025 00:19:54.487] [Server thread/INFO] [net.minecraft.server.MinecraftServer/]: [Ombid: Set own game mode to Survival Mode]
[19May2025 00:20:06.425] [Server thread/INFO] [net.minecraft.server.MinecraftServer/]: [DacSeed: Teleported DacSeed to -881.500000, 47.000000, -2878.500000]
[19May2025 00:20:09.441] [Server thread/INFO] [net.minecraft.server.MinecraftServer/]: [DacSeed: Teleported DacSeed to -1384.500000, 88.000000, -622.500000]
[19May2025 00:20:44.502] [Server thread/INFO] [net.minecraft.server.MinecraftServer/]: [DacSeed: Teleported DacSeed to -881.500000, 47.000000, -2878.500000]
[19May2025 00:22:47.845] [Server thread/INFO] [net.minecraft.server.MinecraftServer/]: [Ombid: Set own game mode to Spectator Mode]
[19May2025 00:22:52.880] [Server thread/INFO] [net.minecraft.server.MinecraftServer/]: [Ombid: Set own game mode to Survival Mode]
[19May2025 00:22:59.869] [Server thread/INFO] [net.minecraft.server.MinecraftServer/]: [Ombid: Set own game mode to Spectator Mode]
[19May2025 00:23:27.873] [Server thread/INFO] [net.minecraft.server.MinecraftServer/]: [Ombid: Killed 29 entities]
[19May2025 00:23:35.526] [Server thread/INFO] [net.minecraft.server.MinecraftServer/]: [Ombid: Set own game mode to Survival Mode]
[19May2025 00:23:55.569] [Server thread/INFO] [net.minecraft.server.MinecraftServer/]: DacSeed has reached the goal [Strong or Careful]
[19May2025 00:23:55.570] [Server thread/INFO] [net.minecraft.server.MinecraftServer/]: DacSeed was slain by Armored Frost Spirit
[19May2025 00:23:55.578] [Server thread/INFO] [tombstone/]: The player DacSeed has successfully been saved
[19May2025 00:24:02.750] [Server thread/INFO] [Scaling Health/]: Player lost 0.00 heart crystal(s)
[19May2025 00:24:02.750] [Server thread/INFO] [Scaling Health/]: Player lost 0.00 difficulty
[19May2025 00:24:11.525] [Server thread/INFO] [net.minecraft.server.MinecraftServer/]: DacSeed has made the advancement [Knowledge raises the soul]
[19May2025 00:24:29.473] [Server thread/INFO] [net.minecraft.server.MinecraftServer/]: [DacSeed: Teleported DacSeed to Ombid]
[19May2025 00:26:56.831] [Server thread/INFO] [net.minecraft.server.MinecraftServer/]: [Ombid: Teleported Ombid to -1384.500000, 88.000000, -622.500000]
[19May2025 00:27:18.507] [Server thread/WARN] [Scaling Health/]: Another mod seems to have canceled healing from a heart container (player literal{DacSeed})
[19May2025 00:27:43.626] [Server thread/INFO] [net.minecraft.server.MinecraftServer/]: [Ombid: Teleported Ombid to DacSeed]
[19May2025 00:30:48.481] [Server thread/INFO] [Scaling Health/]: Blight Frost Spirit was killed by DacSeed
[19May2025 00:33:04.819] [Server thread/INFO] [net.minecraft.server.network.ServerGamePacketListenerImpl/]: Ombid lost connection: Disconnected
[19May2025 00:33:04.820] [Server thread/INFO] [net.minecraft.server.MinecraftServer/]: Ombid left the game
[19May2025 00:33:04.820] [Server thread/INFO] [me.edoren.skin_changer.server.SkinProviderController/]: Removing session data for player Ombid[300f2cb3-73b8-369a-bd50-5b2db1878249]
[19May2025 00:34:45.711] [Server thread/INFO] [net.minecraft.server.MinecraftServer/]: [DacSeed: Teleported DacSeed to -1384.500000, 88.000000, -622.500000]
[19May2025 00:35:04.871] [Server thread/INFO] [net.minecraft.server.MinecraftServer/]: * Server pinche menso
[19May2025 00:35:12.776] [Server thread/INFO] [net.minecraft.server.MinecraftServer/]: <DacSeed> JAJA
[19May2025 00:35:16.359] [Server thread/INFO] [net.minecraft.server.MinecraftServer/]: [DacSeed: Teleported DacSeed to -881.500000, 47.000000, -2878.500000]
[19May2025 00:35:25.438] [Server thread/INFO] [net.minecraft.server.MinecraftServer/]: <DacSeed> */kill server
[19May2025 00:38:07.267] [Server thread/INFO] [Scaling Health/]: Blight Armored Frost Spirit was killed by DacSeed
[19May2025 00:38:12.151] [Server thread/INFO] [net.minecraft.server.MinecraftServer/]: [DacSeed: Teleported DacSeed to -1384.500000, 88.000000, -622.500000]
[19May2025 00:38:55.873] [Server thread/INFO] [net.minecraft.server.MinecraftServer/]: [DacSeed: Teleported DacSeed to -881.500000, 47.000000, -2878.500000]
[19May2025 00:40:54.118] [Netty Epoll Server IO #1/INFO] [Calio/]: Received acknowledgment for login packet with id 0
[19May2025 00:40:54.137] [Netty Epoll Server IO #1/INFO] [Calio/]: Received acknowledgment for login packet with id 1
[19May2025 00:40:54.189] [Netty Epoll Server IO #1/INFO] [Calio/]: Received acknowledgment for login packet with id 2
[19May2025 00:40:54.264] [Netty Epoll Server IO #1/INFO] [Calio/]: Received acknowledgment for login packet with id 3
[19May2025 00:40:54.298] [Netty Epoll Server IO #1/INFO] [Calio/]: Received acknowledgment for login packet with id 4
[19May2025 00:40:54.350] [Netty Epoll Server IO #1/INFO] [Calio/]: Received acknowledgment for login packet with id 5
[19May2025 00:40:54.390] [Netty Epoll Server IO #1/INFO] [Calio/]: Received acknowledgment for login packet with id 6
[19May2025 00:40:54.437] [Netty Epoll Server IO #1/INFO] [Calio/]: Received acknowledgment for login packet with id 7
[19May2025 00:40:54.487] [Netty Epoll Server IO #1/INFO] [Calio/]: Received acknowledgment for login packet with id 8
[19May2025 00:40:54.541] [Netty Epoll Server IO #1/INFO] [Calio/]: Received acknowledgment for login packet with id 9
[19May2025 00:40:54.586] [Netty Epoll Server IO #1/INFO] [Calio/]: Received acknowledgment for login packet with id 10
[19May2025 00:40:54.640] [Netty Epoll Server IO #1/INFO] [Calio/]: Received acknowledgment for login packet with id 11
[19May2025 00:40:54.890] [Netty Epoll Server IO #1/INFO] [Calio/]: Received acknowledgment for login packet with id 12
[19May2025 00:40:54.895] [Netty Epoll Server IO #1/INFO] [Calio/]: Received acknowledgment for login packet with id 13
[19May2025 00:40:54.898] [Netty Epoll Server IO #1/INFO] [Calio/]: Received acknowledgment for login packet with id 14
[19May2025 00:40:54.913] [Netty Epoll Server IO #1/INFO] [Calio/]: Received acknowledgment for login packet with id 15
[19May2025 00:40:57.987] [Server thread/INFO] [net.minecraft.server.players.PlayerList/]: Ombid[/100.103.125.20:60516] logged in with entity id 59499 at (-880.8767021286325, 47.0, -2878.651659886114)
[19May2025 00:40:57.988] [Server thread/INFO] [ModdingLegacy/blue_skies/]: Sending ToolHandleTypeManager to Ombid
[19May2025 00:40:57.988] [Server thread/INFO] [ModdingLegacy/blue_skies/]: Sending SnowcapOvenFreezingManager to Ombid
[19May2025 00:40:57.988] [Server thread/INFO] [ModdingLegacy/blue_skies/]: Sending HorizoniteForgeFuelManager to Ombid
[19May2025 00:40:57.989] [Server thread/INFO] [ModdingLegacy/blue_skies/]: Sending AlchemyRecipeManager to Ombid
[19May2025 00:40:57.991] [Server thread/INFO] [ModdingLegacy/blue_skies/]: Sending JournalEntryManager to Ombid
[19May2025 00:40:57.993] [Server thread/INFO] [ModdingLegacy/blue_skies/]: Sending JournalSectionManager to Ombid
[19May2025 00:40:57.993] [Server thread/INFO] [ModdingLegacy/blue_skies/]: Sending JournalRequirementManager to Ombid
[19May2025 00:40:58.011] [Server thread/INFO] [net.minecraft.server.MinecraftServer/]: Ombid joined the game
[19May2025 00:40:58.037] [Server thread/INFO] [me.edoren.skin_changer.server.SkinProviderController/]: Player Ombid just logged in with id 300f2cb3-73b8-369a-bd50-5b2db1878249
[19May2025 00:40:58.038] [ForkJoinPool-4-worker-3/INFO] [me.edoren.skin_changer.server.SkinProviderController/]: Loading local skin for player Ombid[300f2cb3-73b8-369a-bd50-5b2db1878249]
[19May2025 00:40:58.131] [ForkJoinPool-4-worker-3/INFO] [me.edoren.skin_changer.common.NetworkUtils/]: File https://playerdb.co/api/player/minecraft/Ombid downloaded
[19May2025 00:42:00.438] [Server thread/INFO] [net.minecraft.server.MinecraftServer/]: <DacSeed> * /tp -1385 88 -623
[19May2025 00:42:07.661] [Server thread/INFO] [net.minecraft.server.MinecraftServer/]: [Ombid: Teleported Ombid to -1384.500000, 88.000000, -622.500000]
[19May2025 00:43:11.732] [Server thread/INFO] [net.minecraft.server.MinecraftServer/]: DacSeed has reached the goal [Die Classy]
[19May2025 00:44:59.873] [Server thread/INFO] [net.minecraft.server.MinecraftServer/]: [DacSeed: Teleported DacSeed to -1384.500000, 88.000000, -622.500000]
[19May2025 00:45:38.493] [Server thread/INFO] [net.minecraft.server.MinecraftServer/]: <DacSeed> * /tp -1385 88 -623
[19May2025 00:45:41.218] [Server thread/INFO] [net.minecraft.server.MinecraftServer/]: [DacSeed: Teleported DacSeed to -881.500000, 47.000000, -2878.500000]
[19May2025 00:46:06.801] [Server thread/INFO] [net.minecraft.server.MinecraftServer/]: [Ombid: Teleported Ombid to DacSeed]
[19May2025 00:46:43.331] [Server thread/INFO] [Scaling Health/]: Blight Armored Frost Spirit was killed by Ombid
[19May2025 00:49:38.031] [Server thread/INFO] [Scaling Health/]: Blight Frost Spirit was killed by DacSeed
[19May2025 00:49:56.990] [Server thread/INFO] [net.minecraft.server.MinecraftServer/]: [DacSeed: Teleported DacSeed to -1384.500000, 88.000000, -622.500000]
[19May2025 00:52:17.386] [Server thread/INFO] [net.minecraft.server.MinecraftServer/]: [DacSeed: Teleported DacSeed to -881.500000, 47.000000, -2878.500000]
[19May2025 00:53:08.317] [Server thread/INFO] [net.minecraft.server.MinecraftServer/]: [DacSeed: Teleported DacSeed to -1384.500000, 88.000000, -622.500000]
[19May2025 00:53:21.997] [Server thread/INFO] [net.minecraft.server.MinecraftServer/]: [DacSeed: Teleported DacSeed to -881.500000, 47.000000, -2878.500000]
[19May2025 00:54:45.592] [Server thread/INFO] [net.minecraft.server.MinecraftServer/]: [DacSeed: Teleported DacSeed to -1384.500000, 88.000000, -622.500000]
[19May2025 00:55:07.312] [Server thread/INFO] [net.minecraft.server.MinecraftServer/]: [DacSeed: Teleported DacSeed to -881.500000, 47.000000, -2878.500000]
[19May2025 00:55:15.456] [Server thread/INFO] [Scaling Health/]: Blight Frost Spirit was killed by DacSeed
[19May2025 00:55:41.781] [Server thread/INFO] [Scaling Health/]: Blight Frost Spirit was killed by DacSeed
[19May2025 00:55:44.491] [Server thread/INFO] [net.minecraft.server.MinecraftServer/]: [DacSeed: Teleported DacSeed to -1384.500000, 88.000000, -622.500000]
[19May2025 00:56:24.479] [Server thread/INFO] [net.minecraft.server.MinecraftServer/]: [DacSeed: Teleported DacSeed to -881.500000, 47.000000, -2878.500000]
[19May2025 00:57:08.632] [Server thread/INFO] [net.minecraft.server.MinecraftServer/]: [DacSeed: Teleported DacSeed to -1384.500000, 88.000000, -622.500000]
[19May2025 00:58:07.409] [Server thread/INFO] [net.minecraft.server.MinecraftServer/]: [DacSeed: Teleported DacSeed to -881.500000, 47.000000, -2878.500000]
[19May2025 00:58:17.947] [Server thread/INFO] [Scaling Health/]: Blight Frost Spirit was killed by DacSeed
[19May2025 00:58:31.768] [Server thread/INFO] [net.minecraft.server.MinecraftServer/]: [DacSeed: Teleported DacSeed to -1384.500000, 88.000000, -622.500000]
[19May2025 00:59:03.578] [Server thread/INFO] [net.minecraft.server.MinecraftServer/]: [DacSeed: Teleported DacSeed to -881.500000, 47.000000, -2878.500000]
[19May2025 00:59:32.676] [Server thread/INFO] [net.minecraft.server.MinecraftServer/]: [DacSeed: Teleported DacSeed to -1384.500000, 88.000000, -622.500000]
[19May2025 00:59:57.374] [Server thread/INFO] [net.minecraft.server.MinecraftServer/]: [DacSeed: Teleported DacSeed to -881.500000, 47.000000, -2878.500000]
[19May2025 01:00:45.179] [Server thread/INFO] [Scaling Health/]: Blight Armored Frost Spirit was killed by DacSeed
[19May2025 01:01:07.303] [Server thread/INFO] [net.minecraft.server.MinecraftServer/]: [DacSeed: Teleported DacSeed to -881.500000, 47.000000, -2878.500000]
[19May2025 01:01:08.532] [Server thread/INFO] [net.minecraft.server.MinecraftServer/]: [DacSeed: Teleported DacSeed to -1384.500000, 88.000000, -622.500000]
[19May2025 01:01:39.626] [Server thread/INFO] [net.minecraft.server.MinecraftServer/]: [DacSeed: Teleported DacSeed to -881.500000, 47.000000, -2878.500000]
[19May2025 01:03:18.446] [Server thread/INFO] [net.minecraft.server.MinecraftServer/]: [DacSeed: Teleported DacSeed to -1384.500000, 88.000000, -622.500000]
[19May2025 01:03:51.578] [Server thread/INFO] [net.minecraft.server.MinecraftServer/]: [DacSeed: Teleported DacSeed to -881.500000, 47.000000, -2878.500000]
[19May2025 01:04:35.792] [Server thread/INFO] [net.minecraft.server.MinecraftServer/]: [DacSeed: Teleported DacSeed to -1384.500000, 88.000000, -622.500000]
[19May2025 01:05:26.192] [Server thread/INFO] [net.minecraft.server.MinecraftServer/]: [DacSeed: Teleported DacSeed to -881.500000, 47.000000, -2878.500000]
[19May2025 01:06:10.230] [Server thread/INFO] [net.minecraft.server.MinecraftServer/]: [DacSeed: Teleported DacSeed to -1384.500000, 88.000000, -622.500000]
[19May2025 01:07:28.851] [Server thread/INFO] [net.minecraft.server.MinecraftServer/]: [DacSeed: Teleported DacSeed to -881.500000, 47.000000, -2878.500000]
[19May2025 01:09:10.404] [Server thread/INFO] [Scaling Health/]: Blight Armored Frost Spirit was killed by DacSeed
[19May2025 01:09:19.107] [Server thread/INFO] [Scaling Health/]: Blight Armored Frost Spirit was killed by DacSeed
[19May2025 01:09:39.728] [Server thread/INFO] [net.minecraft.server.MinecraftServer/]: [DacSeed: Teleported DacSeed to -1384.500000, 88.000000, -622.500000]
[19May2025 01:10:12.327] [Server thread/INFO] [net.minecraft.server.MinecraftServer/]: [DacSeed: Teleported DacSeed to -881.500000, 47.000000, -2878.500000]
[19May2025 01:10:36.771] [Server thread/INFO] [net.minecraft.server.MinecraftServer/]: DacSeed was slain by Armored Frost Spirit
[19May2025 01:10:36.776] [Server thread/INFO] [tombstone/]: The player DacSeed has successfully been saved
[19May2025 01:10:43.309] [Server thread/INFO] [Scaling Health/]: Player lost 0.00 heart crystal(s)
[19May2025 01:10:43.309] [Server thread/INFO] [Scaling Health/]: Player lost 0.00 difficulty
[19May2025 01:10:50.033] [Server thread/INFO] [net.minecraft.server.MinecraftServer/]: [DacSeed: Teleported DacSeed to Ombid]
[19May2025 01:11:23.510] [Server thread/INFO] [Scaling Health/]: Blight Frost Spirit was killed by DacSeed
[19May2025 01:12:51.705] [Server thread/WARN] [Scaling Health/]: Another mod seems to have canceled healing from a heart container (player literal{DacSeed})
[19May2025 01:15:00.272] [Server thread/INFO] [net.minecraft.server.MinecraftServer/]: [DacSeed: Teleported DacSeed to -1384.500000, 88.000000, -622.500000]
[19May2025 01:20:13.120] [Server thread/INFO] [Scaling Health/]: Blight Stardust Ram was killed by DacSeed
[19May2025 01:21:38.329] [Server thread/INFO] [net.minecraft.server.MinecraftServer/]: [DacSeed: Teleported DacSeed to -1384.500000, 88.000000, -622.500000]
[19May2025 01:22:00.731] [Server thread/INFO] [Scaling Health/]: Blight Azulfo was killed by DacSeed
[19May2025 01:22:57.631] [Server thread/INFO] [Scaling Health/]: Blight Azulfo was killed by DacSeed
[19May2025 01:23:02.576] [Server thread/INFO] [net.minecraft.server.MinecraftServer/]: [DacSeed: Teleported DacSeed to Ombid]
[19May2025 01:25:05.209] [Server thread/INFO] [Scaling Health/]: Blight Armored Frost Spirit was killed by DacSeed
[19May2025 01:25:38.437] [Server thread/INFO] [net.minecraft.server.MinecraftServer/]: [DacSeed: Teleported DacSeed to Ombid]
[19May2025 01:25:40.182] [Server thread/INFO] [net.minecraft.server.MinecraftServer/]: [DacSeed: Teleported DacSeed to -1384.500000, 88.000000, -622.500000]
[19May2025 01:27:22.010] [Server thread/INFO] [net.minecraft.server.MinecraftServer/]: [DacSeed: Teleported DacSeed to Ombid]
[19May2025 01:28:22.824] [Server thread/INFO] [Scaling Health/]: Blight Armored Frost Spirit was killed by DacSeed
[19May2025 01:35:53.893] [Server thread/INFO] [net.minecraft.server.MinecraftServer/]: [DacSeed: Teleported DacSeed to -1384.500000, 88.000000, -622.500000]
[19May2025 01:36:15.178] [Server thread/INFO] [net.minecraft.server.network.ServerGamePacketListenerImpl/]: DacSeed lost connection: Disconnected
[19May2025 01:36:15.178] [Server thread/INFO] [net.minecraft.server.MinecraftServer/]: DacSeed left the game
[19May2025 01:36:15.178] [Server thread/INFO] [me.edoren.skin_changer.server.SkinProviderController/]: Removing session data for player DacSeed[e482fb9d-1662-3de3-a0f9-70a239104a8d]
[19May2025 02:03:27.623] [Server thread/INFO] [Scaling Health/]: Blight Armored Frost Spirit has died
[19May2025 02:13:20.646] [Server thread/INFO] [Scaling Health/]: Blight Frost Spirit has died
[19May2025 02:13:20.666] [Server thread/INFO] [Scaling Health/]: Blight Frost Spirit has died
[19May2025 02:13:20.666] [Server thread/INFO] [Scaling Health/]: Blight Frost Spirit has died
[19May2025 02:13:20.672] [Server thread/INFO] [Scaling Health/]: Blight Frost Spirit has died
[19May2025 02:13:20.673] [Server thread/INFO] [Scaling Health/]: Blight Frost Spirit has died
[19May2025 02:13:20.675] [Server thread/INFO] [net.minecraft.server.MinecraftServer/]: [Ombid: Killed 584 entities]
[19May2025 02:13:42.190] [Server thread/INFO] [net.minecraft.server.MinecraftServer/]: [Ombid: Teleported Ombid to -1384.500000, 88.000000, -622.500000]
[19May2025 02:15:35.124] [Server thread/INFO] [net.minecraft.server.MinecraftServer/]: [Ombid: Teleported Ombid to -880.500000, 47.000000, -621.500000]
[19May2025 02:15:54.559] [Server thread/INFO] [net.minecraft.server.MinecraftServer/]: [Ombid: Teleported Ombid to -880.500000, 47.000000, -2877.500000]
[19May2025 02:17:45.588] [Server thread/INFO] [net.minecraft.server.MinecraftServer/]: [Ombid: Teleported Ombid to -1384.500000, 88.000000, -622.500000]
[19May2025 02:18:34.097] [Server thread/INFO] [net.minecraft.server.MinecraftServer/]: [Ombid: Teleported Ombid to -880.500000, 47.000000, -2877.500000]
[19May2025 02:38:10.118] [Server thread/INFO] [Scaling Health/]: Blight Armored Frost Spirit has died
[19May2025 02:42:35.741] [Netty Epoll Server IO #4/INFO] [Calio/]: Received acknowledgment for login packet with id 0
[19May2025 02:42:35.974] [Netty Epoll Server IO #4/INFO] [Calio/]: Received acknowledgment for login packet with id 1
[19May2025 02:42:35.974] [Netty Epoll Server IO #4/INFO] [Calio/]: Received acknowledgment for login packet with id 2
[19May2025 02:42:35.974] [Netty Epoll Server IO #4/INFO] [Calio/]: Received acknowledgment for login packet with id 3
[19May2025 02:42:35.975] [Netty Epoll Server IO #4/INFO] [Calio/]: Received acknowledgment for login packet with id 4
[19May2025 02:42:35.975] [Netty Epoll Server IO #4/INFO] [Calio/]: Received acknowledgment for login packet with id 5
[19May2025 02:42:35.991] [Netty Epoll Server IO #4/INFO] [Calio/]: Received acknowledgment for login packet with id 6
[19May2025 02:42:36.042] [Netty Epoll Server IO #4/INFO] [Calio/]: Received acknowledgment for login packet with id 7
[19May2025 02:42:36.086] [Netty Epoll Server IO #4/INFO] [Calio/]: Received acknowledgment for login packet with id 8
[19May2025 02:42:36.139] [Netty Epoll Server IO #4/INFO] [Calio/]: Received acknowledgment for login packet with id 9
[19May2025 02:42:36.191] [Netty Epoll Server IO #4/INFO] [Calio/]: Received acknowledgment for login packet with id 10
[19May2025 02:42:36.241] [Netty Epoll Server IO #4/INFO] [Calio/]: Received acknowledgment for login packet with id 11
[19May2025 02:42:36.614] [Netty Epoll Server IO #4/INFO] [Calio/]: Received acknowledgment for login packet with id 12
[19May2025 02:42:36.614] [Netty Epoll Server IO #4/INFO] [Calio/]: Received acknowledgment for login packet with id 13
[19May2025 02:42:36.620] [Netty Epoll Server IO #4/INFO] [Calio/]: Received acknowledgment for login packet with id 14
[19May2025 02:42:36.675] [Netty Epoll Server IO #4/INFO] [Calio/]: Received acknowledgment for login packet with id 15
[19May2025 02:42:39.943] [Server thread/INFO] [net.minecraft.server.players.PlayerList/]: krinpa[/100.104.79.38:58946] logged in with entity id 89336 at (-879.8939878322633, 47.0, -2880.3538253113734)
[19May2025 02:42:39.944] [Server thread/INFO] [ModdingLegacy/blue_skies/]: Sending ToolHandleTypeManager to krinpa
[19May2025 02:42:39.944] [Server thread/INFO] [ModdingLegacy/blue_skies/]: Sending SnowcapOvenFreezingManager to krinpa
[19May2025 02:42:39.945] [Server thread/INFO] [ModdingLegacy/blue_skies/]: Sending HorizoniteForgeFuelManager to krinpa
[19May2025 02:42:39.945] [Server thread/INFO] [ModdingLegacy/blue_skies/]: Sending AlchemyRecipeManager to krinpa
[19May2025 02:42:39.947] [Server thread/INFO] [ModdingLegacy/blue_skies/]: Sending JournalEntryManager to krinpa
[19May2025 02:42:39.949] [Server thread/INFO] [ModdingLegacy/blue_skies/]: Sending JournalSectionManager to krinpa
[19May2025 02:42:39.949] [Server thread/INFO] [ModdingLegacy/blue_skies/]: Sending JournalRequirementManager to krinpa
[19May2025 02:42:39.980] [Server thread/INFO] [net.minecraft.server.MinecraftServer/]: krinpa joined the game
[19May2025 02:42:40.019] [Server thread/INFO] [me.edoren.skin_changer.server.SkinProviderController/]: Player krinpa just logged in with id 463284d9-6e0e-306d-9730-ebe3431451dd
[19May2025 02:42:40.020] [ForkJoinPool-4-worker-4/INFO] [me.edoren.skin_changer.server.SkinProviderController/]: Loading local skin for player krinpa[463284d9-6e0e-306d-9730-ebe3431451dd]
[19May2025 02:42:40.259] [ForkJoinPool-4-worker-4/INFO] [me.edoren.skin_changer.common.NetworkUtils/]: Error downloading file https://playerdb.co/api/player/minecraft/krinpa
[19May2025 02:43:18.626] [Server thread/INFO] [net.minecraft.server.MinecraftServer/]: <krinpa> aimiinternet
[19May2025 02:44:49.180] [Server thread/INFO] [Scaling Health/]: Blight Armored Frost Spirit was killed by krinpa
[19May2025 02:45:50.710] [Server thread/WARN] [Scaling Health/]: Another mod seems to have canceled healing from a heart container (player literal{krinpa})
[19May2025 02:50:04.175] [Server thread/INFO] [Scaling Health/]: Blight Frost Spirit was killed by krinpa
[19May2025 02:50:22.378] [Server thread/INFO] [net.minecraft.server.MinecraftServer/]: <Ombid> ingatu con permiso de quien
[19May2025 02:50:29.137] [Server thread/INFO] [net.minecraft.server.MinecraftServer/]: <krinpa> ola
[19May2025 02:50:36.457] [Server thread/INFO] [net.minecraft.server.MinecraftServer/]: <Ombid> yo afk disque guardando mobs
[19May2025 02:50:38.178] [Server thread/INFO] [net.minecraft.server.MinecraftServer/]: <Ombid> irenla
[19May2025 02:50:43.473] [Server thread/INFO] [net.minecraft.server.MinecraftServer/]: <krinpa> yoq
[19May2025 02:50:43.577] [Server thread/INFO] [net.minecraft.server.MinecraftServer/]: <Ombid> bien agusto
[19May2025 02:50:48.727] [Server thread/INFO] [net.minecraft.server.MinecraftServer/]: <Ombid> chingandose todo
[19May2025 02:50:53.978] [Server thread/INFO] [net.minecraft.server.MinecraftServer/]: <krinpa> mentiras
[19May2025 02:50:55.160] [Server thread/INFO] [net.minecraft.server.MinecraftServer/]: <Ombid> irenla nomas
[19May2025 02:51:03.604] [Server thread/INFO] [net.minecraft.server.MinecraftServer/]: <krinpa> cuanto de vida tengo?
[19May2025 02:51:08.979] [Server thread/INFO] [net.minecraft.server.MinecraftServer/]: <Ombid> avr
[19May2025 02:51:25.361] [Server thread/INFO] [net.minecraft.server.MinecraftServer/]: <Ombid> 90 lol
[19May2025 02:51:30.228] [Server thread/INFO] [net.minecraft.server.MinecraftServer/]: <Ombid> tienes mas q dani y yo ya
[19May2025 02:51:31.444] [Server thread/INFO] [net.minecraft.server.MinecraftServer/]: <krinpa> aya
[19May2025 02:52:07.756] [Server thread/INFO] [Scaling Health/]: Blight Frost Spirit has died
[19May2025 02:52:07.766] [Server thread/INFO] [Scaling Health/]: Blight Frost Spirit has died
[19May2025 02:52:07.767] [Server thread/INFO] [Scaling Health/]: Blight Frost Spirit has died
[19May2025 02:52:07.768] [Server thread/INFO] [net.minecraft.server.MinecraftServer/]: [Ombid: Killed 226 entities]
[19May2025 02:52:18.676] [Server thread/INFO] [Scaling Health/]: Blight Armored Frost Spirit was killed by Ombid
[19May2025 02:52:34.290] [Server thread/INFO] [net.minecraft.server.MinecraftServer/]: <krinpa> bueno
[19May2025 02:52:35.320] [Server thread/INFO] [net.minecraft.server.MinecraftServer/]: [Ombid: Teleported Ombid to -1384.500000, 88.000000, -622.500000]
[19May2025 02:52:42.223] [Server thread/INFO] [net.minecraft.server.MinecraftServer/]: <Ombid> para imponer autoridad
[19May2025 02:52:59.103] [Server thread/INFO] [net.minecraft.server.MinecraftServer/]: <Ombid> voy a minar lapiz
[19May2025 02:53:00.351] [Server thread/INFO] [net.minecraft.server.MinecraftServer/]: <Ombid> no hay na
[19May2025 02:53:27.989] [Server thread/INFO] [net.minecraft.server.MinecraftServer/]: <krinpa> okei
[19May2025 02:54:21.012] [Server thread/INFO] [net.minecraft.server.MinecraftServer/]: [Ombid: Teleported Ombid to -1023.500000, 88.000000, 900.500000]
[19May2025 02:54:21.012] [Server thread/WARN] [net.minecraft.server.MinecraftServer/]: Can't keep up! Is the server overloaded? Running 2400ms or 48 ticks behind
[19May2025 02:54:36.157] [Server thread/INFO] [net.minecraft.server.MinecraftServer/]: [Ombid: Teleported Ombid to -1023.500000, 88.000000, -899.500000]
[19May2025 02:55:00.809] [Server thread/INFO] [net.minecraft.server.MinecraftServer/]: [Ombid: Teleported Ombid to -1023.500000, 88.000000, -1023.500000]
[19May2025 02:55:18.376] [Server thread/INFO] [net.minecraft.server.MinecraftServer/]: [Ombid: Set own game mode to Spectator Mode]
[19May2025 02:58:45.797] [Server thread/INFO] [net.minecraft.server.MinecraftServer/]: [krinpa: Teleported krinpa to Ombid]
[19May2025 02:59:07.997] [Server thread/INFO] [net.minecraft.server.MinecraftServer/]: [Ombid: Teleported Ombid to -1027.500000, 101.000000, 1241.500000]
[19May2025 02:59:11.498] [Server thread/INFO] [net.minecraft.server.MinecraftServer/]: [Ombid: Set own game mode to Survival Mode]
[19May2025 02:59:15.803] [Server thread/INFO] [net.minecraft.server.MinecraftServer/]: <krinpa> U_U
[19May2025 03:00:50.176] [Netty Epoll Server IO #2/INFO] [Calio/]: Received acknowledgment for login packet with id 0
[19May2025 03:00:50.184] [Netty Epoll Server IO #2/INFO] [Calio/]: Received acknowledgment for login packet with id 1
[19May2025 03:00:50.226] [Netty Epoll Server IO #2/INFO] [Calio/]: Received acknowledgment for login packet with id 2
[19May2025 03:00:50.276] [Netty Epoll Server IO #2/INFO] [Calio/]: Received acknowledgment for login packet with id 3
[19May2025 03:00:50.330] [Netty Epoll Server IO #2/INFO] [Calio/]: Received acknowledgment for login packet with id 4
[19May2025 03:00:50.376] [Netty Epoll Server IO #2/INFO] [Calio/]: Received acknowledgment for login packet with id 5
[19May2025 03:00:50.430] [Netty Epoll Server IO #2/INFO] [Calio/]: Received acknowledgment for login packet with id 6
[19May2025 03:00:50.472] [Netty Epoll Server IO #2/INFO] [Calio/]: Received acknowledgment for login packet with id 7
[19May2025 03:00:50.555] [Netty Epoll Server IO #2/INFO] [Calio/]: Received acknowledgment for login packet with id 8
[19May2025 03:00:50.586] [Netty Epoll Server IO #2/INFO] [Calio/]: Received acknowledgment for login packet with id 9
[19May2025 03:00:50.627] [Netty Epoll Server IO #2/INFO] [Calio/]: Received acknowledgment for login packet with id 10
[19May2025 03:00:50.677] [Netty Epoll Server IO #2/INFO] [Calio/]: Received acknowledgment for login packet with id 11
[19May2025 03:00:50.958] [Netty Epoll Server IO #2/INFO] [Calio/]: Received acknowledgment for login packet with id 12
[19May2025 03:00:50.958] [Netty Epoll Server IO #2/INFO] [Calio/]: Received acknowledgment for login packet with id 13
[19May2025 03:00:50.958] [Netty Epoll Server IO #2/INFO] [Calio/]: Received acknowledgment for login packet with id 14
[19May2025 03:00:50.959] [Netty Epoll Server IO #2/INFO] [Calio/]: Received acknowledgment for login packet with id 15
[19May2025 03:00:54.037] [Server thread/INFO] [net.minecraft.server.players.PlayerList/]: DacSeed[/100.66.218.125:50250] logged in with entity id 96225 at (-1391.3917439835282, 88.0, -618.2150103224959)
[19May2025 03:00:54.037] [Server thread/INFO] [ModdingLegacy/blue_skies/]: Sending ToolHandleTypeManager to DacSeed
[19May2025 03:00:54.038] [Server thread/INFO] [ModdingLegacy/blue_skies/]: Sending SnowcapOvenFreezingManager to DacSeed
[19May2025 03:00:54.038] [Server thread/INFO] [ModdingLegacy/blue_skies/]: Sending HorizoniteForgeFuelManager to DacSeed
[19May2025 03:00:54.038] [Server thread/INFO] [ModdingLegacy/blue_skies/]: Sending AlchemyRecipeManager to DacSeed
[19May2025 03:00:54.040] [Server thread/INFO] [ModdingLegacy/blue_skies/]: Sending JournalEntryManager to DacSeed
[19May2025 03:00:54.042] [Server thread/INFO] [ModdingLegacy/blue_skies/]: Sending JournalSectionManager to DacSeed
[19May2025 03:00:54.043] [Server thread/INFO] [ModdingLegacy/blue_skies/]: Sending JournalRequirementManager to DacSeed
[19May2025 03:00:54.060] [Server thread/INFO] [net.minecraft.server.MinecraftServer/]: DacSeed joined the game
[19May2025 03:00:54.067] [Server thread/INFO] [me.edoren.skin_changer.server.SkinProviderController/]: Player DacSeed just logged in with id e482fb9d-1662-3de3-a0f9-70a239104a8d
[19May2025 03:00:54.076] [ForkJoinPool-4-worker-5/INFO] [me.edoren.skin_changer.server.SkinProviderController/]: Loading local skin for player DacSeed[e482fb9d-1662-3de3-a0f9-70a239104a8d]
[19May2025 03:00:54.084] [ForkJoinPool-4-worker-5/INFO] [me.edoren.skin_changer.server.SkinProviderController/]: Loading local cape for player DacSeed[e482fb9d-1662-3de3-a0f9-70a239104a8d]
[19May2025 03:01:05.292] [Server thread/INFO] [net.minecraft.server.network.ServerGamePacketListenerImpl/]: krinpa lost connection: Disconnected
[19May2025 03:01:05.293] [Server thread/INFO] [net.minecraft.server.MinecraftServer/]: krinpa left the game
[19May2025 03:01:05.293] [Server thread/INFO] [me.edoren.skin_changer.server.SkinProviderController/]: Removing session data for player krinpa[463284d9-6e0e-306d-9730-ebe3431451dd]
[19May2025 03:01:05.297] [Server thread/INFO] [net.minecraft.server.MinecraftServer/]: [DacSeed: Kicked krinpa: Kicked by an operator]
[19May2025 03:01:05.350] [Server thread/WARN] [net.minecraft.network.Connection/]: handleDisconnection() called twice
[19May2025 03:01:08.243] [Netty Epoll Server IO #3/INFO] [Calio/]: Received acknowledgment for login packet with id 0
[19May2025 03:01:08.243] [Netty Epoll Server IO #3/INFO] [Calio/]: Received acknowledgment for login packet with id 1
[19May2025 03:01:08.243] [Netty Epoll Server IO #3/INFO] [Calio/]: Received acknowledgment for login packet with id 2
[19May2025 03:01:08.243] [Netty Epoll Server IO #3/INFO] [Calio/]: Received acknowledgment for login packet with id 3
[19May2025 03:01:08.243] [Netty Epoll Server IO #3/INFO] [Calio/]: Received acknowledgment for login packet with id 4
[19May2025 03:01:08.279] [Netty Epoll Server IO #3/INFO] [Calio/]: Received acknowledgment for login packet with id 5
[19May2025 03:01:08.329] [Netty Epoll Server IO #3/INFO] [Calio/]: Received acknowledgment for login packet with id 6
[19May2025 03:01:08.920] [Netty Epoll Server IO #3/INFO] [Calio/]: Received acknowledgment for login packet with id 7
[19May2025 03:01:08.920] [Netty Epoll Server IO #3/INFO] [Calio/]: Received acknowledgment for login packet with id 8
[19May2025 03:01:08.920] [Netty Epoll Server IO #3/INFO] [Calio/]: Received acknowledgment for login packet with id 9
[19May2025 03:01:08.920] [Netty Epoll Server IO #3/INFO] [Calio/]: Received acknowledgment for login packet with id 10
[19May2025 03:01:08.920] [Netty Epoll Server IO #3/INFO] [Calio/]: Received acknowledgment for login packet with id 11
[19May2025 03:01:08.921] [Netty Epoll Server IO #3/INFO] [Calio/]: Received acknowledgment for login packet with id 12
[19May2025 03:01:08.921] [Netty Epoll Server IO #3/INFO] [Calio/]: Received acknowledgment for login packet with id 13
[19May2025 03:01:08.921] [Netty Epoll Server IO #3/INFO] [Calio/]: Received acknowledgment for login packet with id 14
[19May2025 03:01:08.921] [Netty Epoll Server IO #3/INFO] [Calio/]: Received acknowledgment for login packet with id 15
[19May2025 03:01:12.181] [Server thread/INFO] [net.minecraft.server.players.PlayerList/]: krinpa[/100.104.79.38:58999] logged in with entity id 96612 at (-969.307688501471, 93.0, -1053.9166322109095)
[19May2025 03:01:12.182] [Server thread/INFO] [ModdingLegacy/blue_skies/]: Sending ToolHandleTypeManager to krinpa
[19May2025 03:01:12.182] [Server thread/INFO] [ModdingLegacy/blue_skies/]: Sending SnowcapOvenFreezingManager to krinpa
[19May2025 03:01:12.182] [Server thread/INFO] [ModdingLegacy/blue_skies/]: Sending HorizoniteForgeFuelManager to krinpa
[19May2025 03:01:12.183] [Server thread/INFO] [ModdingLegacy/blue_skies/]: Sending AlchemyRecipeManager to krinpa
[19May2025 03:01:12.184] [Server thread/INFO] [ModdingLegacy/blue_skies/]: Sending JournalEntryManager to krinpa
[19May2025 03:01:12.186] [Server thread/INFO] [ModdingLegacy/blue_skies/]: Sending JournalSectionManager to krinpa
[19May2025 03:01:12.186] [Server thread/INFO] [ModdingLegacy/blue_skies/]: Sending JournalRequirementManager to krinpa
[19May2025 03:01:12.201] [Server thread/INFO] [net.minecraft.server.MinecraftServer/]: krinpa joined the game
[19May2025 03:01:12.204] [Server thread/INFO] [me.edoren.skin_changer.server.SkinProviderController/]: Player krinpa just logged in with id 463284d9-6e0e-306d-9730-ebe3431451dd
[19May2025 03:01:12.204] [ForkJoinPool-4-worker-5/INFO] [me.edoren.skin_changer.server.SkinProviderController/]: Loading local skin for player krinpa[463284d9-6e0e-306d-9730-ebe3431451dd]
[19May2025 03:01:12.466] [ForkJoinPool-4-worker-5/INFO] [me.edoren.skin_changer.common.NetworkUtils/]: Error downloading file https://playerdb.co/api/player/minecraft/krinpa
[19May2025 03:01:25.555] [Server thread/INFO] [net.minecraft.server.MinecraftServer/]: [krinpa: Kicked DacSeed: Kicked by an operator]
[19May2025 03:01:25.590] [Server thread/INFO] [net.minecraft.server.network.ServerGamePacketListenerImpl/]: DacSeed lost connection: Kicked by an operator
[19May2025 03:01:25.590] [Server thread/INFO] [net.minecraft.server.MinecraftServer/]: DacSeed left the game
[19May2025 03:01:25.591] [Server thread/INFO] [me.edoren.skin_changer.server.SkinProviderController/]: Removing session data for player DacSeed[e482fb9d-1662-3de3-a0f9-70a239104a8d]
[19May2025 03:01:28.413] [Netty Epoll Server IO #5/INFO] [Calio/]: Received acknowledgment for login packet with id 0
[19May2025 03:01:28.432] [Netty Epoll Server IO #5/INFO] [Calio/]: Received acknowledgment for login packet with id 1
[19May2025 03:01:28.477] [Netty Epoll Server IO #5/INFO] [Calio/]: Received acknowledgment for login packet with id 2
[19May2025 03:01:28.548] [Netty Epoll Server IO #5/INFO] [Calio/]: Received acknowledgment for login packet with id 3
[19May2025 03:01:28.571] [Netty Epoll Server IO #5/INFO] [Calio/]: Received acknowledgment for login packet with id 4
[19May2025 03:01:28.622] [Netty Epoll Server IO #5/INFO] [Calio/]: Received acknowledgment for login packet with id 5
[19May2025 03:01:28.672] [Netty Epoll Server IO #5/INFO] [Calio/]: Received acknowledgment for login packet with id 6
[19May2025 03:01:28.722] [Netty Epoll Server IO #5/INFO] [Calio/]: Received acknowledgment for login packet with id 7
[19May2025 03:01:28.773] [Netty Epoll Server IO #5/INFO] [Calio/]: Received acknowledgment for login packet with id 8
[19May2025 03:01:28.822] [Netty Epoll Server IO #5/INFO] [Calio/]: Received acknowledgment for login packet with id 9
[19May2025 03:01:28.873] [Netty Epoll Server IO #5/INFO] [Calio/]: Received acknowledgment for login packet with id 10
[19May2025 03:01:28.922] [Netty Epoll Server IO #5/INFO] [Calio/]: Received acknowledgment for login packet with id 11
[19May2025 03:01:29.135] [Netty Epoll Server IO #5/INFO] [Calio/]: Received acknowledgment for login packet with id 12
[19May2025 03:01:29.135] [Netty Epoll Server IO #5/INFO] [Calio/]: Received acknowledgment for login packet with id 13
[19May2025 03:01:29.193] [Netty Epoll Server IO #5/INFO] [Calio/]: Received acknowledgment for login packet with id 14
[19May2025 03:01:29.198] [Netty Epoll Server IO #5/INFO] [Calio/]: Received acknowledgment for login packet with id 15
[19May2025 03:01:32.286] [Server thread/INFO] [net.minecraft.server.players.PlayerList/]: DacSeed[/100.66.218.125:50281] logged in with entity id 96907 at (-1390.2912211633168, 90.0, -614.021462567664)
[19May2025 03:01:32.287] [Server thread/INFO] [ModdingLegacy/blue_skies/]: Sending ToolHandleTypeManager to DacSeed
[19May2025 03:01:32.287] [Server thread/INFO] [ModdingLegacy/blue_skies/]: Sending SnowcapOvenFreezingManager to DacSeed
[19May2025 03:01:32.288] [Server thread/INFO] [ModdingLegacy/blue_skies/]: Sending HorizoniteForgeFuelManager to DacSeed
[19May2025 03:01:32.288] [Server thread/INFO] [ModdingLegacy/blue_skies/]: Sending AlchemyRecipeManager to DacSeed
[19May2025 03:01:32.289] [Server thread/INFO] [ModdingLegacy/blue_skies/]: Sending JournalEntryManager to DacSeed
[19May2025 03:01:32.291] [Server thread/INFO] [ModdingLegacy/blue_skies/]: Sending JournalSectionManager to DacSeed
[19May2025 03:01:32.291] [Server thread/INFO] [ModdingLegacy/blue_skies/]: Sending JournalRequirementManager to DacSeed
[19May2025 03:01:32.310] [Server thread/INFO] [net.minecraft.server.MinecraftServer/]: DacSeed joined the game
[19May2025 03:01:32.316] [Server thread/INFO] [me.edoren.skin_changer.server.SkinProviderController/]: Player DacSeed just logged in with id e482fb9d-1662-3de3-a0f9-70a239104a8d
[19May2025 03:01:32.316] [ForkJoinPool-4-worker-5/INFO] [me.edoren.skin_changer.server.SkinProviderController/]: Loading local skin for player DacSeed[e482fb9d-1662-3de3-a0f9-70a239104a8d]
[19May2025 03:01:32.317] [ForkJoinPool-4-worker-5/INFO] [me.edoren.skin_changer.server.SkinProviderController/]: Loading local cape for player DacSeed[e482fb9d-1662-3de3-a0f9-70a239104a8d]
[19May2025 03:01:36.931] [Server thread/INFO] [net.minecraft.server.MinecraftServer/]: [Ombid: Made krinpa no longer a server operator]
[19May2025 03:01:40.780] [Server thread/INFO] [net.minecraft.server.MinecraftServer/]: <krinpa> PENE
[19May2025 03:01:51.697] [Server thread/INFO] [net.minecraft.server.MinecraftServer/]: <krinpa> 😭😭😭😭😭😭
[19May2025 03:01:53.783] [Server thread/INFO] [net.minecraft.server.MinecraftServer/]: [DacSeed: Set krinpa's game mode to Adventure Mode]
[19May2025 03:02:14.559] [Server thread/INFO] [net.minecraft.server.MinecraftServer/]: <krinpa> matate
[19May2025 03:02:35.983] [Server thread/INFO] [net.minecraft.server.MinecraftServer/]: <krinpa> 😭😭😭😭
[19May2025 03:02:42.027] [Server thread/INFO] [net.minecraft.server.MinecraftServer/]: <krinpa> peppe
[19May2025 03:02:43.595] [Server thread/INFO] [net.minecraft.server.MinecraftServer/]: <krinpa> p
[19May2025 03:02:55.479] [Server thread/INFO] [net.minecraft.server.network.ServerGamePacketListenerImpl/]: krinpa lost connection: Disconnected
[19May2025 03:02:55.479] [Server thread/INFO] [net.minecraft.server.MinecraftServer/]: krinpa left the game
[19May2025 03:02:55.480] [Server thread/INFO] [me.edoren.skin_changer.server.SkinProviderController/]: Removing session data for player krinpa[463284d9-6e0e-306d-9730-ebe3431451dd]
[19May2025 03:03:02.462] [Server thread/INFO] [net.minecraft.server.MinecraftServer/]: [Ombid: Teleported Ombid to DacSeed]
[19May2025 03:03:57.363] [Server thread/INFO] [net.minecraft.server.commands.LocateCommand/]: Locating element #blue_skies:on_blinding_maps (blue_skies:everbright_blinding_dungeon) took 4 ms
[19May2025 03:04:11.816] [Server thread/INFO] [net.minecraft.server.MinecraftServer/]: [Ombid: Teleported Ombid to 0.500000, 90.000000, 0.500000]
[19May2025 03:04:50.226] [Server thread/INFO] [net.minecraft.server.commands.LocateCommand/]: Locating element #blue_skies:on_blinding_maps (blue_skies:everbright_blinding_dungeon) took 0 ms
[19May2025 03:04:52.044] [Server thread/INFO] [net.minecraft.server.MinecraftServer/]: [Ombid: Teleported Ombid to -1407.500000, 80.000000, -639.500000]
[19May2025 03:05:06.409] [Server thread/INFO] [net.minecraft.server.MinecraftServer/]: [DacSeed: Teleported DacSeed to Ombid]
[19May2025 03:05:53.989] [Server thread/INFO] [net.minecraft.server.MinecraftServer/]: <Ombid> -1028 101 1241
[19May2025 03:06:02.461] [Server thread/INFO] [net.minecraft.server.MinecraftServer/]: [Ombid: Teleported DacSeed to -1027.500000, 101.000000, 1241.500000]
[19May2025 03:06:04.381] [Server thread/INFO] [net.minecraft.server.MinecraftServer/]: [DacSeed: Teleported DacSeed to -1027.500000, 101.000000, 1241.500000]
[19May2025 03:06:07.594] [Netty Epoll Server IO #7/INFO] [Calio/]: Received acknowledgment for login packet with id 0
[19May2025 03:06:07.636] [Netty Epoll Server IO #7/INFO] [Calio/]: Received acknowledgment for login packet with id 1
[19May2025 03:06:07.692] [Netty Epoll Server IO #7/INFO] [Calio/]: Received acknowledgment for login packet with id 2
[19May2025 03:06:07.738] [Netty Epoll Server IO #7/INFO] [Calio/]: Received acknowledgment for login packet with id 3
[19May2025 03:06:07.788] [Netty Epoll Server IO #7/INFO] [Calio/]: Received acknowledgment for login packet with id 4
[19May2025 03:06:07.837] [Netty Epoll Server IO #7/INFO] [Calio/]: Received acknowledgment for login packet with id 5
[19May2025 03:06:07.889] [Netty Epoll Server IO #7/INFO] [Calio/]: Received acknowledgment for login packet with id 6
[19May2025 03:06:07.938] [Netty Epoll Server IO #7/INFO] [Calio/]: Received acknowledgment for login packet with id 7
[19May2025 03:06:08.394] [Netty Epoll Server IO #7/INFO] [Calio/]: Received acknowledgment for login packet with id 8
[19May2025 03:06:08.394] [Netty Epoll Server IO #7/INFO] [Calio/]: Received acknowledgment for login packet with id 9
[19May2025 03:06:08.394] [Netty Epoll Server IO #7/INFO] [Calio/]: Received acknowledgment for login packet with id 10
[19May2025 03:06:08.394] [Netty Epoll Server IO #7/INFO] [Calio/]: Received acknowledgment for login packet with id 11
[19May2025 03:06:08.394] [Netty Epoll Server IO #7/INFO] [Calio/]: Received acknowledgment for login packet with id 12
[19May2025 03:06:08.395] [Netty Epoll Server IO #7/INFO] [Calio/]: Received acknowledgment for login packet with id 13
[19May2025 03:06:08.526] [Netty Epoll Server IO #7/INFO] [Calio/]: Received acknowledgment for login packet with id 14
[19May2025 03:06:08.526] [Netty Epoll Server IO #7/INFO] [Calio/]: Received acknowledgment for login packet with id 15
[19May2025 03:06:11.484] [Server thread/INFO] [net.minecraft.server.players.PlayerList/]: krinpa[/100.104.79.38:59027] logged in with entity id 99368 at (-845.4722251990704, 75.125, -1194.1326490353997)
[19May2025 03:06:11.484] [Server thread/INFO] [ModdingLegacy/blue_skies/]: Sending ToolHandleTypeManager to krinpa
[19May2025 03:06:11.485] [Server thread/INFO] [ModdingLegacy/blue_skies/]: Sending SnowcapOvenFreezingManager to krinpa
[19May2025 03:06:11.485] [Server thread/INFO] [ModdingLegacy/blue_skies/]: Sending HorizoniteForgeFuelManager to krinpa
[19May2025 03:06:11.486] [Server thread/INFO] [ModdingLegacy/blue_skies/]: Sending AlchemyRecipeManager to krinpa
[19May2025 03:06:11.487] [Server thread/INFO] [ModdingLegacy/blue_skies/]: Sending JournalEntryManager to krinpa
[19May2025 03:06:11.489] [Server thread/INFO] [ModdingLegacy/blue_skies/]: Sending JournalSectionManager to krinpa
[19May2025 03:06:11.489] [Server thread/INFO] [ModdingLegacy/blue_skies/]: Sending JournalRequirementManager to krinpa
[19May2025 03:06:11.502] [Server thread/INFO] [net.minecraft.server.MinecraftServer/]: krinpa joined the game
[19May2025 03:06:11.508] [Server thread/INFO] [me.edoren.skin_changer.server.SkinProviderController/]: Player krinpa just logged in with id 463284d9-6e0e-306d-9730-ebe3431451dd
[19May2025 03:06:11.510] [ForkJoinPool-4-worker-6/INFO] [me.edoren.skin_changer.server.SkinProviderController/]: Loading local skin for player krinpa[463284d9-6e0e-306d-9730-ebe3431451dd]
[19May2025 03:06:12.235] [ForkJoinPool-4-worker-6/INFO] [me.edoren.skin_changer.common.NetworkUtils/]: Error downloading file https://playerdb.co/api/player/minecraft/krinpa
[19May2025 03:06:20.641] [Server thread/INFO] [net.minecraft.server.MinecraftServer/]: [DacSeed: Set krinpa's game mode to Survival Mode]
[19May2025 03:06:20.687] [Server thread/INFO] [net.minecraft.server.MinecraftServer/]: <Ombid> (no le corre lol)
[19May2025 03:06:27.961] [Server thread/INFO] [net.minecraft.server.MinecraftServer/]: <krinpa> U_U
[19May2025 03:06:31.811] [Server thread/INFO] [net.minecraft.server.MinecraftServer/]: <krinpa> andan peleando we
[19May2025 03:06:32.541] [Server thread/INFO] [net.minecraft.server.MinecraftServer/]: [Ombid: Teleported Ombid to DacSeed]
[19May2025 03:06:42.561] [Server thread/INFO] [net.minecraft.server.MinecraftServer/]: <krinpa> de donde se origino el cacao
[19May2025 03:06:44.443] [Server thread/INFO] [net.minecraft.server.MinecraftServer/]: <krinpa> SDAKJASJKDKSA
[19May2025 03:06:47.580] [Server thread/INFO] [net.minecraft.server.MinecraftServer/]: <Ombid> De ti
[19May2025 03:07:15.489] [Server thread/INFO] [net.minecraft.server.commands.LocateCommand/]: Locating element #dungeons_arise:explorer_maps/keep_kayra (dungeons_arise:keep_kayra) took 0 ms
[19May2025 03:07:24.325] [Server thread/INFO] [net.minecraft.server.commands.LocateCommand/]: Locating element #dungeons_arise:explorer_maps/monastery (dungeons_arise:monastery) took 0 ms
[19May2025 03:07:34.091] [Server thread/INFO] [net.minecraft.server.MinecraftServer/]: [Ombid: Teleported DacSeed to -879.500000, 76.000000, 1056.500000]
[19May2025 03:08:30.848] [Server thread/INFO] [net.minecraft.server.MinecraftServer/]: <krinpa> AAAAAAA
[19May2025 03:09:42.298] [Server thread/INFO] [net.minecraft.server.MinecraftServer/]: <Ombid> k
[19May2025 03:09:51.978] [Server thread/INFO] [net.minecraft.server.MinecraftServer/]: <DacSeed> -882 47 -2879
[19May2025 03:10:05.847] [Server thread/INFO] [net.minecraft.server.MinecraftServer/]: [Ombid: Teleported Ombid to -881.500000, 47.000000, -2878.500000]
[19May2025 03:11:04.899] [Server thread/INFO] [net.minecraft.server.MinecraftServer/]: <Ombid> q hace tu pechera aca negra
[19May2025 03:11:14.885] [Server thread/WARN] [net.minecraft.server.network.ServerGamePacketListenerImpl/]: krinpa moved too quickly! 5.677371057463233,-1.330187592783588,8.389046150806053
[19May2025 03:11:19.431] [Server thread/INFO] [net.minecraft.server.MinecraftServer/]: <krinpa> se me olvido
[19May2025 03:11:26.879] [Server thread/INFO] [net.minecraft.server.MinecraftServer/]: <Ombid> no se te quedan los calzones tambn?
[19May2025 03:11:31.546] [Server thread/INFO] [net.minecraft.server.MinecraftServer/]: <krinpa> aveces
[19May2025 03:11:35.785] [Server thread/INFO] [net.minecraft.server.MinecraftServer/]: DacSeed has made the advancement [What a Deal!]
[19May2025 03:11:36.589] [Server thread/INFO] [net.minecraft.server.MinecraftServer/]: <Ombid> digo, que se te quede la espada o el pico no se
[19May2025 03:11:38.649] [Server thread/INFO] [net.minecraft.server.MinecraftServer/]: <Ombid> pero la pechera?
[19May2025 03:13:41.733] [Server thread/INFO] [net.minecraft.server.MinecraftServer/]: <krinpa> esq me cai en un hoyo
[19May2025 03:13:44.006] [Server thread/INFO] [net.minecraft.server.MinecraftServer/]: <krinpa> :(
[19May2025 03:13:49.081] [Server thread/INFO] [net.minecraft.server.MinecraftServer/]: <krinpa> ewe
[19May2025 03:13:51.586] [Server thread/INFO] [net.minecraft.server.MinecraftServer/]: <krinpa> tiraparo
[19May2025 03:14:02.842] [Server thread/INFO] [net.minecraft.server.MinecraftServer/]: <krinpa> hazme tp al mundo normi
[19May2025 03:14:04.494] [Server thread/INFO] [net.minecraft.server.MinecraftServer/]: <krinpa> enfa
[19May2025 03:14:10.034] [Server thread/INFO] [net.minecraft.server.MinecraftServer/]: [Ombid: Teleported Ombid to -1407.500000, 80.000000, -639.500000]
[19May2025 03:14:44.422] [Server thread/INFO] [net.minecraft.server.MinecraftServer/]: [Ombid: Teleported krinpa to DacSeed]
[19May2025 03:15:19.831] [Server thread/INFO] [net.minecraft.server.MinecraftServer/]: [Ombid: Kicked krinpa: Kicked by an operator]
[19May2025 03:15:19.878] [Server thread/INFO] [net.minecraft.server.network.ServerGamePacketListenerImpl/]: krinpa lost connection: Kicked by an operator
[19May2025 03:15:19.878] [Server thread/INFO] [net.minecraft.server.MinecraftServer/]: krinpa left the game
[19May2025 03:15:19.878] [Server thread/INFO] [me.edoren.skin_changer.server.SkinProviderController/]: Removing session data for player krinpa[463284d9-6e0e-306d-9730-ebe3431451dd]
[19May2025 03:15:22.661] [Netty Epoll Server IO #0/INFO] [Calio/]: Received acknowledgment for login packet with id 0
[19May2025 03:15:22.705] [Netty Epoll Server IO #0/INFO] [Calio/]: Received acknowledgment for login packet with id 1
[19May2025 03:15:22.772] [Netty Epoll Server IO #0/INFO] [Calio/]: Received acknowledgment for login packet with id 2
[19May2025 03:15:22.810] [Netty Epoll Server IO #0/INFO] [Calio/]: Received acknowledgment for login packet with id 3
[19May2025 03:15:22.856] [Netty Epoll Server IO #0/INFO] [Calio/]: Received acknowledgment for login packet with id 4
[19May2025 03:15:23.087] [Netty Epoll Server IO #0/INFO] [Calio/]: Received acknowledgment for login packet with id 5
[19May2025 03:15:23.087] [Netty Epoll Server IO #0/INFO] [Calio/]: Received acknowledgment for login packet with id 6
[19May2025 03:15:23.087] [Netty Epoll Server IO #0/INFO] [Calio/]: Received acknowledgment for login packet with id 7
[19May2025 03:15:23.088] [Netty Epoll Server IO #0/INFO] [Calio/]: Received acknowledgment for login packet with id 8
[19May2025 03:15:23.106] [Netty Epoll Server IO #0/INFO] [Calio/]: Received acknowledgment for login packet with id 9
[19May2025 03:15:23.158] [Netty Epoll Server IO #0/INFO] [Calio/]: Received acknowledgment for login packet with id 10
[19May2025 03:15:23.207] [Netty Epoll Server IO #0/INFO] [Calio/]: Received acknowledgment for login packet with id 11
[19May2025 03:15:23.441] [Netty Epoll Server IO #0/INFO] [Calio/]: Received acknowledgment for login packet with id 12
[19May2025 03:15:23.441] [Netty Epoll Server IO #0/INFO] [Calio/]: Received acknowledgment for login packet with id 13
[19May2025 03:15:23.442] [Netty Epoll Server IO #0/INFO] [Calio/]: Received acknowledgment for login packet with id 14
[19May2025 03:15:23.445] [Netty Epoll Server IO #0/INFO] [Calio/]: Received acknowledgment for login packet with id 15
[19May2025 03:15:26.532] [Server thread/INFO] [net.minecraft.server.players.PlayerList/]: krinpa[/100.104.79.38:59056] logged in with entity id 105506 at (-879.591636545387, 69.0, 1052.2766185665753)
[19May2025 03:15:26.533] [Server thread/INFO] [ModdingLegacy/blue_skies/]: Sending ToolHandleTypeManager to krinpa
[19May2025 03:15:26.533] [Server thread/INFO] [ModdingLegacy/blue_skies/]: Sending SnowcapOvenFreezingManager to krinpa
[19May2025 03:15:26.534] [Server thread/INFO] [ModdingLegacy/blue_skies/]: Sending HorizoniteForgeFuelManager to krinpa
[19May2025 03:15:26.534] [Server thread/INFO] [ModdingLegacy/blue_skies/]: Sending AlchemyRecipeManager to krinpa
[19May2025 03:15:26.535] [Server thread/INFO] [ModdingLegacy/blue_skies/]: Sending JournalEntryManager to krinpa
[19May2025 03:15:26.537] [Server thread/INFO] [ModdingLegacy/blue_skies/]: Sending JournalSectionManager to krinpa
[19May2025 03:15:26.537] [Server thread/INFO] [ModdingLegacy/blue_skies/]: Sending JournalRequirementManager to krinpa
[19May2025 03:15:26.546] [Server thread/INFO] [net.minecraft.server.MinecraftServer/]: krinpa joined the game
[19May2025 03:15:26.587] [Server thread/INFO] [me.edoren.skin_changer.server.SkinProviderController/]: Player krinpa just logged in with id 463284d9-6e0e-306d-9730-ebe3431451dd
[19May2025 03:15:26.590] [ForkJoinPool-4-worker-7/INFO] [me.edoren.skin_changer.server.SkinProviderController/]: Loading local skin for player krinpa[463284d9-6e0e-306d-9730-ebe3431451dd]
[19May2025 03:15:26.822] [ForkJoinPool-4-worker-7/INFO] [me.edoren.skin_changer.common.NetworkUtils/]: Error downloading file https://playerdb.co/api/player/minecraft/krinpa
[19May2025 03:15:28.779] [Server thread/INFO] [net.minecraft.server.MinecraftServer/]: [Ombid: Kicked krinpa: Kicked by an operator]
[19May2025 03:15:28.825] [Server thread/INFO] [net.minecraft.server.network.ServerGamePacketListenerImpl/]: krinpa lost connection: Kicked by an operator
[19May2025 03:15:28.825] [Server thread/INFO] [net.minecraft.server.MinecraftServer/]: krinpa left the game
[19May2025 03:15:28.825] [Server thread/INFO] [me.edoren.skin_changer.server.SkinProviderController/]: Removing session data for player krinpa[463284d9-6e0e-306d-9730-ebe3431451dd]
[19May2025 03:15:33.311] [Netty Epoll Server IO #1/INFO] [Calio/]: Received acknowledgment for login packet with id 0
[19May2025 03:15:33.543] [Netty Epoll Server IO #1/INFO] [Calio/]: Received acknowledgment for login packet with id 1
[19May2025 03:15:33.543] [Netty Epoll Server IO #1/INFO] [Calio/]: Received acknowledgment for login packet with id 2
[19May2025 03:15:33.543] [Netty Epoll Server IO #1/INFO] [Calio/]: Received acknowledgment for login packet with id 3
[19May2025 03:15:33.543] [Netty Epoll Server IO #1/INFO] [Calio/]: Received acknowledgment for login packet with id 4
[19May2025 03:15:33.556] [Netty Epoll Server IO #1/INFO] [Calio/]: Received acknowledgment for login packet with id 5
[19May2025 03:15:33.608] [Netty Epoll Server IO #1/INFO] [Calio/]: Received acknowledgment for login packet with id 6
[19May2025 03:15:33.658] [Netty Epoll Server IO #1/INFO] [Calio/]: Received acknowledgment for login packet with id 7
[19May2025 03:15:33.708] [Netty Epoll Server IO #1/INFO] [Calio/]: Received acknowledgment for login packet with id 8
[19May2025 03:15:33.760] [Netty Epoll Server IO #1/INFO] [Calio/]: Received acknowledgment for login packet with id 9
[19May2025 03:15:33.813] [Netty Epoll Server IO #1/INFO] [Calio/]: Received acknowledgment for login packet with id 10
[19May2025 03:15:33.858] [Netty Epoll Server IO #1/INFO] [Calio/]: Received acknowledgment for login packet with id 11
[19May2025 03:15:34.124] [Netty Epoll Server IO #1/INFO] [Calio/]: Received acknowledgment for login packet with id 12
[19May2025 03:15:34.124] [Netty Epoll Server IO #1/INFO] [Calio/]: Received acknowledgment for login packet with id 13
[19May2025 03:15:34.124] [Netty Epoll Server IO #1/INFO] [Calio/]: Received acknowledgment for login packet with id 14
[19May2025 03:15:34.124] [Netty Epoll Server IO #1/INFO] [Calio/]: Received acknowledgment for login packet with id 15
[19May2025 03:15:37.182] [Server thread/INFO] [net.minecraft.server.players.PlayerList/]: krinpa[/100.104.79.38:59057] logged in with entity id 105559 at (-879.591636545387, 69.0, 1052.2766185665753)
[19May2025 03:15:37.182] [Server thread/INFO] [ModdingLegacy/blue_skies/]: Sending ToolHandleTypeManager to krinpa
[19May2025 03:15:37.183] [Server thread/INFO] [ModdingLegacy/blue_skies/]: Sending SnowcapOvenFreezingManager to krinpa
[19May2025 03:15:37.183] [Server thread/INFO] [ModdingLegacy/blue_skies/]: Sending HorizoniteForgeFuelManager to krinpa
[19May2025 03:15:37.183] [Server thread/INFO] [ModdingLegacy/blue_skies/]: Sending AlchemyRecipeManager to krinpa
[19May2025 03:15:37.184] [Server thread/INFO] [ModdingLegacy/blue_skies/]: Sending JournalEntryManager to krinpa
[19May2025 03:15:37.186] [Server thread/INFO] [ModdingLegacy/blue_skies/]: Sending JournalSectionManager to krinpa
[19May2025 03:15:37.186] [Server thread/INFO] [ModdingLegacy/blue_skies/]: Sending JournalRequirementManager to krinpa
[19May2025 03:15:37.195] [Server thread/INFO] [net.minecraft.server.MinecraftServer/]: krinpa joined the game
[19May2025 03:15:37.226] [Server thread/INFO] [me.edoren.skin_changer.server.SkinProviderController/]: Player krinpa just logged in with id 463284d9-6e0e-306d-9730-ebe3431451dd
[19May2025 03:15:37.226] [ForkJoinPool-4-worker-7/INFO] [me.edoren.skin_changer.server.SkinProviderController/]: Loading local skin for player krinpa[463284d9-6e0e-306d-9730-ebe3431451dd]
[19May2025 03:15:37.306] [ForkJoinPool-4-worker-7/INFO] [me.edoren.skin_changer.common.NetworkUtils/]: Error downloading file https://playerdb.co/api/player/minecraft/krinpa
[19May2025 03:15:52.308] [Server thread/INFO] [net.minecraft.server.MinecraftServer/]: <krinpa> honducitydeidad
[19May2025 03:15:52.394] [Server thread/INFO] [net.minecraft.server.MinecraftServer/]: [Ombid: Teleported Ombid to -881.500000, 47.000000, -2878.500000]
[19May2025 03:16:12.933] [Server thread/INFO] [net.minecraft.server.MinecraftServer/]: <krinpa> cursed of bones
[19May2025 03:17:32.927] [Server thread/INFO] [Scaling Health/]: Blight Frost Spirit was killed by Ombid
[19May2025 03:17:39.199] [Server thread/INFO] [net.minecraft.server.MinecraftServer/]: [DacSeed: Teleported DacSeed to -1027.500000, 101.000000, 1241.500000]
[19May2025 03:18:10.166] [Server thread/INFO] [net.minecraft.server.MinecraftServer/]: [DacSeed: Teleported DacSeed to Ombid]
[19May2025 03:18:26.850] [Server thread/INFO] [net.minecraft.server.MinecraftServer/]: [Ombid: Teleported Ombid to -1407.500000, 80.000000, -639.500000]
[19May2025 03:18:36.778] [Server thread/INFO] [net.minecraft.server.MinecraftServer/]: [DacSeed: Teleported DacSeed to -1392.500000, 90.000000, -623.500000]
[19May2025 03:18:41.877] [Server thread/INFO] [net.blay09.mods.netherportalfix.NetherPortalFix/]: No return portal found
[19May2025 03:18:47.277] [Server thread/INFO] [net.minecraft.server.MinecraftServer/]: [Ombid: Teleported Ombid to DacSeed]
[19May2025 03:19:05.477] [Server thread/WARN] [net.minecraft.server.network.ServerGamePacketListenerImpl/]: krinpa moved too quickly! 0.5553420644811666,-11.19886200217772,0.0
[19May2025 03:19:06.951] [Server thread/INFO] [net.minecraft.server.MinecraftServer/]: [DacSeed: Teleported DacSeed to -1027.500000, 101.000000, 1241.500000]
[19May2025 03:19:32.884] [Server thread/INFO] [net.minecraft.server.MinecraftServer/]: DacSeed has made the advancement [We Need to Go Deeper]
[19May2025 03:19:32.885] [Server thread/INFO] [net.minecraft.server.MinecraftServer/]: [DacSeed: Teleported DacSeed to krinpa]
[19May2025 03:19:36.793] [Server thread/INFO] [net.minecraft.server.MinecraftServer/]: [DacSeed: Teleported DacSeed to Ombid]
[19May2025 03:20:08.862] [Server thread/INFO] [net.minecraft.server.MinecraftServer/]: [DacSeed: Teleported DacSeed to krinpa]
[19May2025 03:20:49.713] [Server thread/INFO] [net.minecraft.server.MinecraftServer/]: [Ombid: Teleported Ombid to -881.500000, 47.000000, -2878.500000]
[19May2025 03:20:54.725] [Server thread/INFO] [net.minecraft.server.MinecraftServer/]: [DacSeed: Teleported krinpa to DacSeed]
[19May2025 03:21:56.881] [Server thread/INFO] [net.minecraft.server.MinecraftServer/]: [DacSeed: Teleported krinpa to DacSeed]
[19May2025 03:22:44.081] [Server thread/INFO] [net.minecraft.server.MinecraftServer/]: [Ombid: Killed 4 entities]
[19May2025 03:22:57.032] [Server thread/WARN] [net.minecraft.server.level.ServerPlayerGameMode/]: Mismatch in destroy block pos: BlockPos{x=-936, y=76, z=1049} BlockPos{x=106, y=77, z=205}
[19May2025 03:22:58.291] [Server thread/WARN] [net.minecraft.server.level.ServerPlayerGameMode/]: Mismatch in destroy block pos: BlockPos{x=-936, y=76, z=1049} BlockPos{x=106, y=78, z=206}
[19May2025 03:23:01.533] [Server thread/WARN] [net.minecraft.server.level.ServerPlayerGameMode/]: Mismatch in destroy block pos: BlockPos{x=-936, y=76, z=1049} BlockPos{x=107, y=79, z=209}
[19May2025 03:23:19.782] [Server thread/INFO] [net.minecraft.server.MinecraftServer/]: DacSeed has made the advancement [Those Were the Days]
[19May2025 03:23:23.732] [Server thread/INFO] [net.minecraft.server.MinecraftServer/]: DacSeed has made the advancement [Is this... blood?]
[19May2025 03:23:42.081] [Server thread/INFO] [net.minecraft.server.MinecraftServer/]: [DacSeed: Teleported krinpa to DacSeed]
[19May2025 03:23:43.174] [Server thread/INFO] [net.minecraft.server.MinecraftServer/]: krinpa has made the advancement [Those Were the Days]
[19May2025 03:24:09.829] [Server thread/INFO] [net.minecraft.server.MinecraftServer/]: DacSeed has made the advancement [Not Today, Thank You]
[19May2025 03:24:28.524] [Server thread/INFO] [Scaling Health/]: Blight Piglin was killed by DacSeed
[19May2025 03:25:30.734] [Server thread/INFO] [net.minecraft.server.MinecraftServer/]: [DacSeed: Teleported krinpa to DacSeed]
[19May2025 03:25:35.579] [Server thread/INFO] [net.minecraft.server.MinecraftServer/]: DacSeed has made the advancement [War Pigs]
[19May2025 03:27:25.273] [Server thread/INFO] [net.minecraft.server.MinecraftServer/]: krinpa was slain by Hoglin
[19May2025 03:27:25.348] [Server thread/INFO] [tombstone/]: The player krinpa has successfully been saved
[19May2025 03:27:35.610] [Server thread/INFO] [Scaling Health/]: Player lost 0.00 heart crystal(s)
[19May2025 03:27:35.611] [Server thread/INFO] [Scaling Health/]: Player lost -0.00 difficulty
[19May2025 03:27:36.059] [Server thread/INFO] [net.minecraft.server.MinecraftServer/]: [Ombid: Teleported Ombid to -1407.500000, 80.000000, -639.500000]
[19May2025 03:27:56.580] [Server thread/INFO] [net.minecraft.server.MinecraftServer/]: [DacSeed: Gave 1 [Ender Pearl] to krinpa]
[19May2025 03:28:15.614] [Server thread/INFO] [net.minecraft.server.MinecraftServer/]: [DacSeed: Teleported DacSeed to Ombid]
[19May2025 03:29:41.330] [Server thread/INFO] [net.minecraft.server.MinecraftServer/]: DacSeed was slain by Ombid
[19May2025 03:29:41.333] [Server thread/INFO] [tombstone/]: The player DacSeed has successfully been saved
[19May2025 03:29:48.313] [Server thread/INFO] [Scaling Health/]: Player lost 0.00 heart crystal(s)
[19May2025 03:29:48.314] [Server thread/INFO] [Scaling Health/]: Player lost 0.00 difficulty
[19May2025 03:31:02.186] [Server thread/INFO] [net.minecraft.server.MinecraftServer/]: DacSeed was slain by Ombid
[19May2025 03:31:02.187] [Server thread/INFO] [tombstone/]: The player DacSeed has successfully been saved
[19May2025 03:31:09.618] [Server thread/INFO] [Scaling Health/]: Player lost 0.00 heart crystal(s)
[19May2025 03:31:09.619] [Server thread/INFO] [Scaling Health/]: Player lost 0.00 difficulty
[19May2025 03:31:10.776] [Server thread/INFO] [net.minecraft.world.entity.LivingEntity/]: Named entity Zombie['DacSeed'/113001, l='ServerLevel[world]', x=-1392.45, y=88.00, z=-626.64] died: DacSeed was slain by Ombid
[19May2025 03:31:24.874] [Server thread/INFO] [net.minecraft.server.MinecraftServer/]: [Ombid: Teleported Ombid to -881.500000, 47.000000, -2878.500000]
[19May2025 03:31:28.348] [Server thread/INFO] [net.minecraft.server.MinecraftServer/]: [Ombid: Teleported DacSeed to Ombid]
[19May2025 03:31:43.342] [Server thread/INFO] [net.minecraft.server.MinecraftServer/]: krinpa has made the advancement [War Pigs]
[19May2025 03:32:58.723] [Server thread/INFO] [net.minecraft.server.network.ServerGamePacketListenerImpl/]: krinpa lost connection: Disconnected
[19May2025 03:32:58.723] [Server thread/INFO] [net.minecraft.server.MinecraftServer/]: krinpa left the game
[19May2025 03:32:58.724] [Server thread/INFO] [me.edoren.skin_changer.server.SkinProviderController/]: Removing session data for player krinpa[463284d9-6e0e-306d-9730-ebe3431451dd]
[19May2025 03:34:19.355] [Server thread/INFO] [net.minecraft.server.MinecraftServer/]: [DacSeed: Teleported DacSeed to -1027.500000, 101.000000, 1241.500000]
[19May2025 03:34:52.947] [Server thread/INFO] [Scaling Health/]: Blight Frost Spirit was killed by Ombid
[19May2025 03:35:40.772] [Server thread/INFO] [net.minecraft.server.MinecraftServer/]: [Ombid: Teleported Ombid to -1407.500000, 80.000000, -639.500000]
[19May2025 03:36:14.391] [Server thread/INFO] [net.minecraft.server.MinecraftServer/]: [Ombid: Teleported Ombid to -881.500000, 47.000000, -2878.500000]
[19May2025 03:38:39.091] [Server thread/INFO] [Scaling Health/]: Blight Armored Frost Spirit was killed by Ombid
[19May2025 03:38:59.160] [Server thread/INFO] [net.minecraft.server.MinecraftServer/]: [Ombid: Teleported Ombid to -1407.500000, 80.000000, -639.500000]
[19May2025 03:40:03.211] [Server thread/INFO] [net.minecraft.server.MinecraftServer/]: [Ombid: Teleported Ombid to -881.500000, 47.000000, -2878.500000]
[19May2025 03:42:44.530] [Server thread/INFO] [net.minecraft.server.MinecraftServer/]: [Ombid: Teleported Ombid to -1407.500000, 80.000000, -639.500000]
[19May2025 03:43:45.643] [Server thread/INFO] [net.minecraft.server.MinecraftServer/]: [Ombid: Teleported Ombid to -881.500000, 47.000000, -2878.500000]
[19May2025 03:46:05.433] [Server thread/INFO] [Scaling Health/]: Blight Frost Spirit was killed by Ombid
[19May2025 03:48:06.336] [Server thread/WARN] [Scaling Health/]: Another mod seems to have canceled healing from a heart container (player literal{Ombid})
[19May2025 03:52:22.639] [Server thread/INFO] [Scaling Health/]: Blight Frost Spirit has died
[19May2025 03:52:22.641] [Server thread/INFO] [net.minecraft.server.MinecraftServer/]: [Ombid: Killed 43 entities]
[19May2025 03:54:43.223] [Server thread/INFO] [net.minecraft.server.MinecraftServer/]: [Ombid: Set own game mode to Spectator Mode]
[19May2025 03:54:47.271] [Server thread/INFO] [net.minecraft.server.MinecraftServer/]: [Ombid: Set own game mode to Creative Mode]
[19May2025 03:54:49.075] [Server thread/INFO] [net.minecraft.server.MinecraftServer/]: [Ombid: Set own game mode to Survival Mode]
[19May2025 03:54:53.106] [Server thread/INFO] [net.minecraft.server.MinecraftServer/]: [Ombid: Set own game mode to Spectator Mode]
[19May2025 03:54:56.741] [Server thread/INFO] [net.minecraft.server.MinecraftServer/]: [Ombid: Set own game mode to Survival Mode]
[19May2025 03:54:59.023] [Server thread/INFO] [net.minecraft.server.MinecraftServer/]: [Ombid: Set own game mode to Spectator Mode]
[19May2025 03:55:01.621] [Server thread/INFO] [net.minecraft.server.MinecraftServer/]: [Ombid: Set own game mode to Survival Mode]
[19May2025 03:55:19.752] [Server thread/INFO] [net.minecraft.server.MinecraftServer/]: [Ombid: Set own game mode to Spectator Mode]
[19May2025 03:55:42.626] [Server thread/INFO] [net.minecraft.server.MinecraftServer/]: [Ombid: Set own game mode to Survival Mode]
[19May2025 03:56:42.981] [Server thread/INFO] [net.minecraft.server.MinecraftServer/]: Stopping the server
[19May2025 03:56:43.013] [Server thread/INFO] [net.minecraft.server.MinecraftServer/]: Stopping server
[19May2025 03:56:43.014] [Server thread/INFO] [net.minecraft.server.MinecraftServer/]: Saving players
[19May2025 03:56:43.024] [Server thread/INFO] [net.minecraft.server.MinecraftServer/]: Saving worlds
[19May2025 03:56:43.134] [Server thread/INFO] [net.minecraft.server.MinecraftServer/]: Saving chunks for level 'ServerLevel[world]'/minecraft:overworld
[19May2025 03:56:43.347] [Server thread/INFO] [net.minecraft.server.MinecraftServer/]: Saving chunks for level 'ServerLevel[world]'/twilightforest:twilight_forest
[19May2025 03:56:43.348] [Server thread/INFO] [net.minecraft.server.MinecraftServer/]: Saving chunks for level 'ServerLevel[world]'/minecraft:the_end
[19May2025 03:56:43.349] [Server thread/INFO] [net.minecraft.server.MinecraftServer/]: Saving chunks for level 'ServerLevel[world]'/blue_skies:everdawn
[19May2025 03:56:43.350] [Server thread/INFO] [net.minecraft.server.MinecraftServer/]: Saving chunks for level 'ServerLevel[world]'/blue_skies:everbright
[19May2025 03:56:43.449] [Server thread/INFO] [net.minecraft.server.MinecraftServer/]: Saving chunks for level 'ServerLevel[world]'/minecraft:the_nether
[19May2025 03:56:43.470] [Server thread/INFO] [net.minecraft.server.MinecraftServer/]: ThreadedAnvilChunkStorage (world): All chunks are saved
[19May2025 03:56:43.470] [Server thread/INFO] [net.minecraft.server.MinecraftServer/]: ThreadedAnvilChunkStorage (twilight_forest): All chunks are saved
[19May2025 03:56:43.471] [Server thread/INFO] [net.minecraft.server.MinecraftServer/]: ThreadedAnvilChunkStorage (DIM1): All chunks are saved
[19May2025 03:56:43.471] [Server thread/INFO] [net.minecraft.server.MinecraftServer/]: ThreadedAnvilChunkStorage (everdawn): All chunks are saved
[19May2025 03:56:43.471] [Server thread/INFO] [net.minecraft.server.MinecraftServer/]: ThreadedAnvilChunkStorage (everbright): All chunks are saved
[19May2025 03:56:43.471] [Server thread/INFO] [net.minecraft.server.MinecraftServer/]: ThreadedAnvilChunkStorage (DIM-1): All chunks are saved
[19May2025 03:56:43.471] [Server thread/INFO] [net.minecraft.server.MinecraftServer/]: ThreadedAnvilChunkStorage: All dimensions are saved
[19May2025 03:56:43.725] [Server thread/INFO] [Calio/]: Removing Dynamic Registries for: net.minecraft.server.dedicated.DedicatedServer@5c20fe89
